<?xml version="1.0" encoding="UTF-8"?>
<!-- Generated by org.testng.reporters.JUnitXMLReporter -->
<testsuite hostname="Gustavos-MacBook-Pro.local" ignored="0" name="Command line test" tests="2" failures="0" timestamp="28 Nov 2019 12:55:08 GMT" time="13.906" errors="0">
  <testcase name="verifyHomePage" time="0.008" classname="com.mycompany.test.SeleniumTestNGTest"/>
  <testcase name="verifySearch" time="8.059" classname="com.mycompany.test.SeleniumTestNGTest"/>
</testsuite> <!-- Command line test -->
