<?xml version="1.0" encoding="UTF-8" ?>
<testsuite tests="8" failures="1" name="TestSuite" time="0.638" errors="0" skipped="7">
  <properties>
[...]
</properties>
  <testcase classname="com.mycompany.test.SeleniumTestNGTest" name="setBaseURL" time="0">
    <failure message="Cannot find firefox binary in PATH. Make sure firefox is installed. OS appears to be: MAC
Build info: version: &apos;3.141.59&apos;, revision: &apos;e82be7d358&apos;, time: &apos;2018-11-14T08:17:03&apos;
System info: host: &apos;Gustavos-MacBook-Pro.local&apos;, ip: &apos;10.100.0.33&apos;, os.name: &apos;Mac OS X&apos;, os.arch: &apos;x86_64&apos;, os.version: &apos;10.14.6&apos;, java.version: &apos;1.8.0_121&apos;
Driver info: driver.version: FirefoxDriver" type="org.openqa.selenium.WebDriverException">org.openqa.selenium.WebDriverException: Cannot find firefox binary in PATH. Make sure firefox is installed. OS appears to be: MAC
Build info: version: &apos;3.141.59&apos;, revision: &apos;e82be7d358&apos;, time: &apos;2018-11-14T08:17:03&apos;
System info: host: &apos;Gustavos-MacBook-Pro.local&apos;, ip: &apos;10.100.0.33&apos;, os.name: &apos;Mac OS X&apos;, os.arch: &apos;x86_64&apos;, os.version: &apos;10.14.6&apos;, java.version: &apos;1.8.0_121&apos;
Driver info: driver.version: FirefoxDriver
	at org.openqa.selenium.firefox.FirefoxBinary.&lt;init&gt;(FirefoxBinary.java:100)
	at java.util.Optional.orElseGet(Optional.java:267)
	at org.openqa.selenium.firefox.FirefoxOptions.getBinary(FirefoxOptions.java:216)
	at org.openqa.selenium.firefox.FirefoxDriver.toExecutor(FirefoxDriver.java:187)
	at org.openqa.selenium.firefox.FirefoxDriver.&lt;init&gt;(FirefoxDriver.java:147)
	at org.openqa.selenium.firefox.FirefoxDriver.&lt;init&gt;(FirefoxDriver.java:125)
	at com.mycompany.test.SeleniumTestNGTest.setBaseURL(SeleniumTestNGTest.java:20)
</failure>
  </testcase>
  <testcase classname="com.mycompany.test.TestCalculator" name="emptyStringReturnZero" time="0.013">
    <skipped/>
  </testcase>
  <testcase classname="com.mycompany.test.TestCalculator" name="negativeNumberThrowException" time="0.013">
    <skipped/>
  </testcase>
  <testcase classname="com.mycompany.test.TestCalculator" name="numbersGreaterThan100AreIgnored" time="0.013">
    <skipped/>
  </testcase>
  <testcase classname="com.mycompany.test.TestCalculator" name="threeNumsCommaDelimitedReturnSum" time="0.014">
    <skipped/>
  </testcase>
  <testcase classname="com.mycompany.test.TestCalculator" name="twoNumsCommaDelimitedReturnSum" time="0.014">
    <skipped/>
  </testcase>
  <testcase classname="com.mycompany.test.SeleniumTestNGTest" name="verifyHomePage" time="0.015">
    <skipped/>
  </testcase>
  <testcase classname="com.mycompany.test.SeleniumTestNGTest" name="endSession" time="0.015">
    <skipped/>
  </testcase>
</testsuite>